# JRE version: OpenJDK Runtime Environment Temurin-21.0.12.1+1 (21.0.12.1+1) (build 21.0.12.1+1-LTS)
# Java VM: OpenJDK 64-Bit Server VM Temurin-21.0.12.1+1 (21.0.12.1+1-LTS, mixed mode, sharing, tiered, compressed oops, compressed class ptrs, g1 gc, windows-amd64)
GC Precious Log:
 CardTable entry size: 512
 Card Set container configuration: InlinePtr #cards 4 size 8 Array Of Cards #cards 16 size 48 Howl #buckets 8 coarsen threshold 3686 Howl Bitmap #cards 512 size 80 coarsen threshold 460 Card regions per heap region 1 cards per card region 4096
 CPUs: 4 total, 4 available
 Memory: 8084M
 Large Page Support: Disabled
 NUMA Support: Disabled
 Compressed Oops: Enabled (Zero based)
 Heap Region Size: 2M
 Heap Min Capacity: 8M
 Heap Initial Capacity: 128M
 Heap Max Capacity: 4G
 Pre-touch: Disabled
 Parallel Workers: 4
 Concurrent Workers: 1
 Concurrent Refinement Workers: 4
 Periodic GC: Disabled
Heap:
 garbage-first heap   total 92160K, used 65796K [0x0000000700000000, 0x0000000800000000)
  region size 2048K, 16 young (32768K), 2 survivors (4096K)
 Metaspace       used 54754K, committed 56640K, reserved 917504K
  class space    used 8121K, committed 9024K, reserved 851968K
GC Heap History (20 events):
Event: 6.922 GC heap before
{Heap before GC invocations=2 (full 0):
 garbage-first heap   total 131072K, used 79631K [0x0000000700000000, 0x0000000800000000)
  region size 2048K, 38 young (77824K), 2 survivors (4096K)
 Metaspace       used 4725K, committed 4992K, reserved 917504K
  class space    used 584K, committed 704K, reserved 851968K
}
Event: 6.936 GC heap after
{Heap after GC invocations=3 (full 0):
 garbage-first heap   total 131072K, used 15608K [0x0000000700000000, 0x0000000800000000)
  region size 2048K, 5 young (10240K), 5 survivors (10240K)
 Metaspace       used 4725K, committed 4992K, reserved 917504K
  class space    used 584K, committed 704K, reserved 851968K
}
Event: 10.835 GC heap before
{Heap before GC invocations=3 (full 0):
 garbage-first heap   total 131072K, used 81144K [0x0000000700000000, 0x0000000800000000)
  region size 2048K, 38 young (77824K), 5 survivors (10240K)
 Metaspace       used 15333K, committed 15744K, reserved 917504K
  class space    used 2107K, committed 2304K, reserved 851968K
}
Event: 10.854 GC heap after
{Heap after GC invocations=4 (full 0):
 garbage-first heap   total 131072K, used 21800K [0x0000000700000000, 0x0000000800000000)
  region size 2048K, 4 young (8192K), 4 survivors (8192K)
 Metaspace       used 15333K, committed 15744K, reserved 917504K
  class space    used 2107K, committed 2304K, reserved 851968K
}
Event: 13.226 GC heap before
{Heap before GC invocations=4 (full 0):
 garbage-first heap   total 131072K, used 56616K [0x0000000700000000, 0x0000000800000000)
  region size 2048K, 23 young (47104K), 4 survivors (8192K)
 Metaspace       used 20888K, committed 21504K, reserved 917504K
  class space    used 2885K, committed 3200K, reserved 851968K
}
Event: 13.239 GC heap after
{Heap after GC invocations=5 (full 0):
 garbage-first heap   total 131072K, used 24152K [0x0000000700000000, 0x0000000800000000)
  region size 2048K, 2 young (4096K), 2 survivors (4096K)
 Metaspace       used 20888K, committed 21504K, reserved 917504K
  class space    used 2885K, committed 3200K, reserved 851968K
}
Event: 16.572 GC heap before
{Heap before GC invocations=6 (full 0):
 garbage-first heap   total 90112K, used 73304K [0x0000000700000000, 0x0000000800000000)
  region size 2048K, 26 young (53248K), 2 survivors (4096K)
 Metaspace       used 27185K, committed 28160K, reserved 917504K
  class space    used 3902K, committed 4352K, reserved 851968K
}
Event: 16.584 GC heap after
{Heap after GC invocations=7 (full 0):
 garbage-first heap   total 90112K, used 27067K [0x0000000700000000, 0x0000000800000000)
  region size 2048K, 3 young (6144K), 3 survivors (6144K)
 Metaspace       used 27185K, committed 28160K, reserved 917504K
  class space    used 3902K, committed 4352K, reserved 851968K
}
Event: 24.981 GC heap before
{Heap before GC invocations=7 (full 0):
 garbage-first heap   total 90112K, used 74171K [0x0000000700000000, 0x0000000800000000)
  region size 2048K, 26 young (53248K), 3 survivors (6144K)
 Metaspace       used 33135K, committed 34432K, reserved 917504K
  class space    used 4927K, committed 5568K, reserved 851968K
}
Event: 24.997 GC heap after
{Heap after GC invocations=8 (full 0):
 garbage-first heap   total 90112K, used 29881K [0x0000000700000000, 0x0000000800000000)
  region size 2048K, 4 young (8192K), 4 survivors (8192K)
 Metaspace       used 33135K, committed 34432K, reserved 917504K
  class space    used 4927K, committed 5568K, reserved 851968K
}
Event: 26.065 GC heap before
{Heap before GC invocations=8 (full 0):
 garbage-first heap   total 90112K, used 33977K [0x0000000700000000, 0x0000000800000000)
  region size 2048K, 8 young (16384K), 4 survivors (8192K)
 Metaspace       used 34641K, committed 35968K, reserved 917504K
  class space    used 5053K, committed 5696K, reserved 851968K
}
Event: 26.081 GC heap after
{Heap after GC invocations=9 (full 0):
 garbage-first heap   total 90112K, used 30529K [0x0000000700000000, 0x0000000800000000)
  region size 2048K, 2 young (4096K), 2 survivors (4096K)
 Metaspace       used 34641K, committed 35968K, reserved 917504K
  class space    used 5053K, committed 5696K, reserved 851968K
}
Event: 31.133 GC heap before
{Heap before GC invocations=10 (full 0):
 garbage-first heap   total 90112K, used 77633K [0x0000000700000000, 0x0000000800000000)
  region size 2048K, 25 young (51200K), 2 survivors (4096K)
 Metaspace       used 38652K, committed 40128K, reserved 917504K
  class space    used 5614K, committed 6336K, reserved 851968K
}
Event: 31.145 GC heap after
{Heap after GC invocations=11 (full 0):
 garbage-first heap   total 90112K, used 33776K [0x0000000700000000, 0x0000000800000000)
  region size 2048K, 4 young (8192K), 4 survivors (8192K)
 Metaspace       used 38652K, committed 40128K, reserved 917504K
  class space    used 5614K, committed 6336K, reserved 851968K
}
Event: 35.149 GC heap before
{Heap before GC invocations=11 (full 0):
 garbage-first heap   total 90112K, used 76784K [0x0000000700000000, 0x0000000800000000)
  region size 2048K, 25 young (51200K), 4 survivors (8192K)
 Metaspace       used 42208K, committed 43904K, reserved 917504K
  class space    used 6212K, committed 7040K, reserved 851968K
}
Event: 35.174 GC heap after
{Heap after GC invocations=12 (full 0):
 garbage-first heap   total 92160K, used 35798K [0x0000000700000000, 0x0000000800000000)
  region size 2048K, 4 young (8192K), 4 survivors (8192K)
 Metaspace       used 42208K, committed 43904K, reserved 917504K
  class space    used 6212K, committed 7040K, reserved 851968K
}
Event: 41.531 GC heap before
{Heap before GC invocations=12 (full 0):
 garbage-first heap   total 92160K, used 78806K [0x0000000700000000, 0x0000000800000000)
  region size 2048K, 25 young (51200K), 4 survivors (8192K)
 Metaspace       used 47271K, committed 49024K, reserved 917504K
  class space    used 6990K, committed 7808K, reserved 851968K
}
Event: 41.549 GC heap after
{Heap after GC invocations=13 (full 0):
 garbage-first heap   total 92160K, used 38146K [0x0000000700000000, 0x0000000800000000)
  region size 2048K, 3 young (6144K), 3 survivors (6144K)
 Metaspace       used 47271K, committed 49024K, reserved 917504K
  class space    used 6990K, committed 7808K, reserved 851968K
}
Event: 47.267 GC heap before
{Heap before GC invocations=13 (full 0):
 garbage-first heap   total 92160K, used 79106K [0x0000000700000000, 0x0000000800000000)
  region size 2048K, 23 young (47104K), 3 survivors (6144K)
 Metaspace       used 52385K, committed 54208K, reserved 917504K
  class space    used 7733K, committed 8640K, reserved 851968K
}
Event: 47.277 GC heap after
{Heap after GC invocations=14 (full 0):
 garbage-first heap   total 92160K, used 39172K [0x0000000700000000, 0x0000000800000000)
  region size 2048K, 2 young (4096K), 2 survivors (4096K)
 Metaspace       used 52385K, committed 54208K, reserved 917504K
  class space    used 7733K, committed 8640K, reserved 851968K
}

