# JRE version: Java(TM) SE Runtime Environment (25.0.2+10) (build 25.0.2+10-LTS-69)
# Java VM: Java HotSpot(TM) 64-Bit Server VM (25.0.2+10-LTS-69, mixed mode, sharing, tiered, compressed oops, compressed class ptrs, g1 gc, windows-amd64)
GC Precious Log:
 CardTable entry size: 512
 Card Set container configuration: InlinePtr #cards 4 size 8 Array Of Cards #cards 16 size 48 Howl #buckets 8 coarsen threshold 3686 Howl Bitmap #cards 512 size 80 coarsen threshold 460 Card regions per heap region 1 cards per card region 4096
 CPUs: 4 total, 4 available
 Memory: 8084M
 Large Page Support: Disabled
 NUMA Support: Disabled
 Compressed Oops: Enabled (Zero based)
 Heap Region Size: 2M
 Heap Min Capacity: 8M
 Heap Initial Capacity: 128M
 Heap Max Capacity: 4G
 Pre-touch: Disabled
 Parallel Workers: 4
 Concurrent Workers: 1
 Concurrent Refinement Workers: 4
 Periodic GC: Disabled
Heap:
 garbage-first heap   total reserved 4194304K, committed 256000K, used 209691K [0x0000000700000000, 0x0000000800000000)
  region size 2048K, 27 young (55296K), 5 survivors (10240K)
GC Heap Usage History (20 events):
Event: 90.710 {heap Before GC invocations=48 (full 0):
 garbage-first heap   total reserved 4194304K, committed 202752K, used 183921K [0x0000000700000000, 0x0000000800000000)
  region size 2048K, 39 young (79872K), 5 survivors (10240K)
}
Event: 90.726 {heap After GC invocations=49 (full 0):
 garbage-first heap   total reserved 4194304K, committed 202752K, used 113992K [0x0000000700000000, 0x0000000800000000)
  region size 2048K, 3 young (6144K), 3 survivors (6144K)
}
Event: 94.303 {heap Before GC invocations=49 (full 0):
 garbage-first heap   total reserved 4194304K, committed 202752K, used 183624K [0x0000000700000000, 0x0000000800000000)
  region size 2048K, 38 young (77824K), 3 survivors (6144K)
}
Event: 94.332 {heap After GC invocations=50 (full 0):
 garbage-first heap   total reserved 4194304K, committed 202752K, used 122808K [0x0000000700000000, 0x0000000800000000)
  region size 2048K, 5 young (10240K), 5 survivors (10240K)
}
Event: 97.369 {heap Before GC invocations=51 (full 0):
 garbage-first heap   total reserved 4194304K, committed 204800K, used 184248K [0x0000000700000000, 0x0000000800000000)
  region size 2048K, 35 young (71680K), 5 survivors (10240K)
}
Event: 97.399 {heap After GC invocations=52 (full 0):
 garbage-first heap   total reserved 4194304K, committed 204800K, used 124939K [0x0000000700000000, 0x0000000800000000)
  region size 2048K, 2 young (4096K), 2 survivors (4096K)
}
Event: 100.298 {heap Before GC invocations=52 (full 0):
 garbage-first heap   total reserved 4194304K, committed 204800K, used 186379K [0x0000000700000000, 0x0000000800000000)
  region size 2048K, 32 young (65536K), 2 survivors (4096K)
}
Event: 100.340 {heap After GC invocations=53 (full 0):
 garbage-first heap   total reserved 4194304K, committed 204800K, used 126544K [0x0000000700000000, 0x0000000800000000)
  region size 2048K, 4 young (8192K), 4 survivors (8192K)
}
Event: 104.639 {heap Before GC invocations=53 (full 0):
 garbage-first heap   total reserved 4194304K, committed 204800K, used 187984K [0x0000000700000000, 0x0000000800000000)
  region size 2048K, 34 young (69632K), 4 survivors (8192K)
}
Event: 104.670 {heap After GC invocations=54 (full 0):
 garbage-first heap   total reserved 4194304K, committed 204800K, used 130837K [0x0000000700000000, 0x0000000800000000)
  region size 2048K, 5 young (10240K), 5 survivors (10240K)
}
Event: 115.441 {heap Before GC invocations=55 (full 0):
 garbage-first heap   total reserved 4194304K, committed 223232K, used 186133K [0x0000000700000000, 0x0000000800000000)
  region size 2048K, 33 young (67584K), 5 survivors (10240K)
}
Event: 115.461 {heap After GC invocations=56 (full 0):
 garbage-first heap   total reserved 4194304K, committed 223232K, used 133470K [0x0000000700000000, 0x0000000800000000)
  region size 2048K, 3 young (6144K), 3 survivors (6144K)
}
Event: 119.707 {heap Before GC invocations=56 (full 0):
 garbage-first heap   total reserved 4194304K, committed 223232K, used 205150K [0x0000000700000000, 0x0000000800000000)
  region size 2048K, 38 young (77824K), 3 survivors (6144K)
}
Event: 119.740 {heap After GC invocations=57 (full 0):
 garbage-first heap   total reserved 4194304K, committed 223232K, used 137794K [0x0000000700000000, 0x0000000800000000)
  region size 2048K, 5 young (10240K), 5 survivors (10240K)
}
Event: 125.538 {heap Before GC invocations=57 (full 0):
 garbage-first heap   total reserved 4194304K, committed 223232K, used 203330K [0x0000000700000000, 0x0000000800000000)
  region size 2048K, 37 young (75776K), 5 survivors (10240K)
}
Event: 125.566 {heap After GC invocations=58 (full 0):
 garbage-first heap   total reserved 4194304K, committed 223232K, used 141661K [0x0000000700000000, 0x0000000800000000)
  region size 2048K, 3 young (6144K), 3 survivors (6144K)
}
Event: 177.724 {heap Before GC invocations=59 (full 0):
 garbage-first heap   total reserved 4194304K, committed 239616K, used 203101K [0x0000000700000000, 0x0000000800000000)
  region size 2048K, 34 young (69632K), 3 survivors (6144K)
}
Event: 177.744 {heap After GC invocations=60 (full 0):
 garbage-first heap   total reserved 4194304K, committed 239616K, used 146832K [0x0000000700000000, 0x0000000800000000)
  region size 2048K, 5 young (10240K), 5 survivors (10240K)
}
Event: 181.705 {heap Before GC invocations=60 (full 0):
 garbage-first heap   total reserved 4194304K, committed 239616K, used 216464K [0x0000000700000000, 0x0000000800000000)
  region size 2048K, 40 young (81920K), 5 survivors (10240K)
}
Event: 181.766 {heap After GC invocations=61 (full 0):
 garbage-first heap   total reserved 4194304K, committed 256000K, used 166683K [0x0000000700000000, 0x0000000800000000)
  region size 2048K, 5 young (10240K), 5 survivors (10240K)
}

