# JRE version: OpenJDK Runtime Environment JBR-21.0.11+1-1163.116-jcef (21.0.11+1) (build 21.0.11+1-b1163.116)
# Java VM: OpenJDK 64-Bit Server VM JBR-21.0.11+1-1163.116-jcef (21.0.11+1-b1163.116, mixed mode, sharing, tiered, compressed oops, compressed class ptrs, g1 gc, windows-amd64)
GC Precious Log:
 CardTable entry size: 512
 Card Set container configuration: InlinePtr #cards 4 size 8 Array Of Cards #cards 16 size 48 Howl #buckets 8 coarsen threshold 3686 Howl Bitmap #cards 512 size 80 coarsen threshold 460 Card regions per heap region 1 cards per card region 4096
 CPUs: 4 total, 4 available
 Memory: 8084M
 Large Page Support: Disabled
 NUMA Support: Disabled
 Compressed Oops: Enabled (Zero based)
 Heap Region Size: 2M
 Heap Min Capacity: 8M
 Heap Initial Capacity: 128M
 Heap Max Capacity: 4G
 Pre-touch: Disabled
 Parallel Workers: 4
 Concurrent Workers: 1
 Concurrent Refinement Workers: 4
 Periodic GC: Disabled
Heap:
 garbage-first heap   total 131072K, used 82300K [0x0000000700000000, 0x0000000800000000)
  region size 2048K, 36 young (73728K), 3 survivors (6144K)
 Metaspace       used 13745K, committed 14208K, reserved 917504K
  class space    used 1947K, committed 2176K, reserved 851968K
GC Heap History (8 events):
Event: 4.135 GC heap before
{Heap before GC invocations=0 (full 0):
 garbage-first heap   total 131072K, used 12288K [0x0000000700000000, 0x0000000800000000)
  region size 2048K, 6 young (12288K), 0 survivors (0K)
 Metaspace       used 819K, committed 960K, reserved 917504K
  class space    used 63K, committed 128K, reserved 851968K
}
Event: 4.280 GC heap after
{Heap after GC invocations=1 (full 0):
 garbage-first heap   total 131072K, used 1066K [0x0000000700000000, 0x0000000800000000)
  region size 2048K, 1 young (2048K), 1 survivors (2048K)
 Metaspace       used 819K, committed 960K, reserved 917504K
  class space    used 63K, committed 128K, reserved 851968K
}
Event: 6.061 GC heap before
{Heap before GC invocations=1 (full 0):
 garbage-first heap   total 131072K, used 21546K [0x0000000700000000, 0x0000000800000000)
  region size 2048K, 11 young (22528K), 1 survivors (2048K)
 Metaspace       used 950K, committed 1088K, reserved 917504K
  class space    used 63K, committed 128K, reserved 851968K
}
Event: 6.065 GC heap after
{Heap after GC invocations=2 (full 0):
 garbage-first heap   total 131072K, used 1582K [0x0000000700000000, 0x0000000800000000)
  region size 2048K, 1 young (2048K), 1 survivors (2048K)
 Metaspace       used 950K, committed 1088K, reserved 917504K
  class space    used 63K, committed 128K, reserved 851968K
}
Event: 13.250 GC heap before
{Heap before GC invocations=2 (full 0):
 garbage-first heap   total 131072K, used 81454K [0x0000000700000000, 0x0000000800000000)
  region size 2048K, 38 young (77824K), 1 survivors (2048K)
 Metaspace       used 4104K, committed 4288K, reserved 917504K
  class space    used 508K, committed 576K, reserved 851968K
}
Event: 13.262 GC heap after
{Heap after GC invocations=3 (full 0):
 garbage-first heap   total 131072K, used 12119K [0x0000000700000000, 0x0000000800000000)
  region size 2048K, 4 young (8192K), 4 survivors (8192K)
 Metaspace       used 4104K, committed 4288K, reserved 917504K
  class space    used 508K, committed 576K, reserved 851968K
}
Event: 18.087 GC heap before
{Heap before GC invocations=3 (full 0):
 garbage-first heap   total 131072K, used 81751K [0x0000000700000000, 0x0000000800000000)
  region size 2048K, 38 young (77824K), 4 survivors (8192K)
 Metaspace       used 4206K, committed 4352K, reserved 917504K
  class space    used 508K, committed 576K, reserved 851968K
}
Event: 18.101 GC heap after
{Heap after GC invocations=4 (full 0):
 garbage-first heap   total 131072K, used 16764K [0x0000000700000000, 0x0000000800000000)
  region size 2048K, 3 young (6144K), 3 survivors (6144K)
 Metaspace       used 4206K, committed 4352K, reserved 917504K
  class space    used 508K, committed 576K, reserved 851968K
}

